1728911938.151096 client started (9710): version 3.5, socket /private/tmp/tmux-501/default, protocol 8
1728911938.151153 on Darwin 21.6.0 Darwin Kernel Version 21.6.0: Sun Dec 17 22:55:27 PST 2023; root:xnu-8020.240.18.706.2~1/RELEASE_X86_64
1728911938.151172 using libevent 2.1.12-stable select
1728911938.151909 using utf8proc 2.9.0
1728911938.151953 using ncurses 6.5 20240427
1728911938.152001 flags are 0x10010000
1728911938.152016 socket is /private/tmp/tmux-501/default
1728911938.152033 trying connect
1728911938.152118 add peer 0x7fbea5131000: 6 (0x0)
1728911938.154247 sending message 111 to peer 0x7fbea5131000 (8 bytes)
1728911938.154277 sending message 111 to peer 0x7fbea5131000 (8 bytes)
1728911938.154289 sending message 101 to peer 0x7fbea5131000 (16 bytes)
1728911938.154299 sending message 109 to peer 0x7fbea5131000 (4 bytes)
1728911938.154309 sending message 102 to peer 0x7fbea5131000 (13 bytes)
1728911938.154318 sending message 108 to peer 0x7fbea5131000 (54 bytes)
1728911938.154328 sending message 112 to peer 0x7fbea5131000 (70 bytes)
1728911938.154337 sending message 112 to peer 0x7fbea5131000 (5 bytes)
1728911938.154346 sending message 112 to peer 0x7fbea5131000 (5 bytes)
1728911938.154356 sending message 112 to peer 0x7fbea5131000 (6 bytes)
1728911938.154365 sending message 112 to peer 0x7fbea5131000 (6 bytes)
1728911938.154374 sending message 112 to peer 0x7fbea5131000 (11 bytes)
1728911938.154383 sending message 112 to peer 0x7fbea5131000 (10 bytes)
1728911938.154392 sending message 112 to peer 0x7fbea5131000 (13 bytes)
1728911938.154401 sending message 112 to peer 0x7fbea5131000 (13 bytes)
1728911938.154410 sending message 112 to peer 0x7fbea5131000 (18 bytes)
1728911938.154420 sending message 112 to peer 0x7fbea5131000 (11 bytes)
1728911938.154429 sending message 112 to peer 0x7fbea5131000 (21 bytes)
1728911938.154438 sending message 112 to peer 0x7fbea5131000 (13 bytes)
1728911938.154447 sending message 112 to peer 0x7fbea5131000 (7 bytes)
1728911938.154456 sending message 112 to peer 0x7fbea5131000 (13 bytes)
1728911938.154465 sending message 112 to peer 0x7fbea5131000 (7 bytes)
1728911938.154474 sending message 112 to peer 0x7fbea5131000 (13 bytes)
1728911938.154483 sending message 112 to peer 0x7fbea5131000 (9 bytes)
1728911938.154492 sending message 112 to peer 0x7fbea5131000 (21 bytes)
1728911938.154501 sending message 112 to peer 0x7fbea5131000 (13 bytes)
1728911938.154510 sending message 112 to peer 0x7fbea5131000 (8 bytes)
1728911938.154519 sending message 112 to peer 0x7fbea5131000 (12 bytes)
1728911938.154528 sending message 112 to peer 0x7fbea5131000 (13 bytes)
1728911938.154537 sending message 112 to peer 0x7fbea5131000 (9 bytes)
1728911938.154546 sending message 112 to peer 0x7fbea5131000 (12 bytes)
1728911938.154555 sending message 112 to peer 0x7fbea5131000 (8 bytes)
1728911938.154564 sending message 112 to peer 0x7fbea5131000 (7 bytes)
1728911938.154573 sending message 112 to peer 0x7fbea5131000 (7 bytes)
1728911938.154582 sending message 112 to peer 0x7fbea5131000 (9 bytes)
1728911938.154591 sending message 112 to peer 0x7fbea5131000 (13 bytes)
1728911938.154600 sending message 112 to peer 0x7fbea5131000 (9 bytes)
1728911938.154609 sending message 112 to peer 0x7fbea5131000 (13 bytes)
1728911938.154618 sending message 112 to peer 0x7fbea5131000 (12 bytes)
1728911938.154627 sending message 112 to peer 0x7fbea5131000 (8 bytes)
1728911938.154636 sending message 112 to peer 0x7fbea5131000 (9 bytes)
1728911938.154645 sending message 112 to peer 0x7fbea5131000 (10 bytes)
1728911938.154654 sending message 112 to peer 0x7fbea5131000 (10 bytes)
1728911938.154663 sending message 112 to peer 0x7fbea5131000 (10 bytes)
1728911938.154673 sending message 112 to peer 0x7fbea5131000 (10 bytes)
1728911938.154682 sending message 112 to peer 0x7fbea5131000 (11 bytes)
1728911938.154690 sending message 112 to peer 0x7fbea5131000 (10 bytes)
1728911938.154699 sending message 112 to peer 0x7fbea5131000 (8 bytes)
1728911938.154709 sending message 112 to peer 0x7fbea5131000 (11 bytes)
1728911938.154718 sending message 112 to peer 0x7fbea5131000 (11 bytes)
1728911938.154757 sending message 112 to peer 0x7fbea5131000 (11 bytes)
1728911938.154793 sending message 112 to peer 0x7fbea5131000 (8 bytes)
1728911938.154820 sending message 112 to peer 0x7fbea5131000 (8 bytes)
1728911938.154827 sending message 112 to peer 0x7fbea5131000 (8 bytes)
1728911938.154833 sending message 112 to peer 0x7fbea5131000 (10 bytes)
1728911938.154839 sending message 112 to peer 0x7fbea5131000 (10 bytes)
1728911938.154844 sending message 112 to peer 0x7fbea5131000 (10 bytes)
1728911938.154850 sending message 112 to peer 0x7fbea5131000 (10 bytes)
1728911938.154856 sending message 112 to peer 0x7fbea5131000 (10 bytes)
1728911938.154865 sending message 112 to peer 0x7fbea5131000 (11 bytes)
1728911938.154871 sending message 112 to peer 0x7fbea5131000 (11 bytes)
1728911938.154876 sending message 112 to peer 0x7fbea5131000 (10 bytes)
1728911938.154882 sending message 112 to peer 0x7fbea5131000 (9 bytes)
1728911938.154888 sending message 112 to peer 0x7fbea5131000 (9 bytes)
1728911938.154893 sending message 112 to peer 0x7fbea5131000 (12 bytes)
1728911938.154899 sending message 112 to peer 0x7fbea5131000 (9 bytes)
1728911938.154904 sending message 112 to peer 0x7fbea5131000 (6 bytes)
1728911938.154910 sending message 112 to peer 0x7fbea5131000 (8 bytes)
1728911938.154915 sending message 112 to peer 0x7fbea5131000 (15 bytes)
1728911938.154921 sending message 112 to peer 0x7fbea5131000 (13 bytes)
1728911938.154926 sending message 112 to peer 0x7fbea5131000 (70 bytes)
1728911938.154932 sending message 112 to peer 0x7fbea5131000 (69 bytes)
1728911938.154938 sending message 112 to peer 0x7fbea5131000 (10 bytes)
1728911938.154943 sending message 112 to peer 0x7fbea5131000 (8 bytes)
1728911938.154949 sending message 112 to peer 0x7fbea5131000 (15 bytes)
1728911938.154954 sending message 112 to peer 0x7fbea5131000 (13 bytes)
1728911938.154960 sending message 112 to peer 0x7fbea5131000 (10 bytes)
1728911938.154965 sending message 112 to peer 0x7fbea5131000 (10 bytes)
1728911938.154972 sending message 104 to peer 0x7fbea5131000 (0 bytes)
1728911938.154979 sending message 110 to peer 0x7fbea5131000 (0 bytes)
1728911938.154985 sending message 107 to peer 0x7fbea5131000 (4 bytes)
1728911938.154990 sending message 105 to peer 0x7fbea5131000 (58 bytes)
1728911938.154996 sending message 105 to peer 0x7fbea5131000 (31 bytes)
1728911938.155002 sending message 105 to peer 0x7fbea5131000 (15 bytes)
1728911938.155007 sending message 105 to peer 0x7fbea5131000 (25 bytes)
1728911938.155013 sending message 105 to peer 0x7fbea5131000 (22 bytes)
1728911938.155018 sending message 105 to peer 0x7fbea5131000 (86 bytes)
1728911938.155024 sending message 105 to peer 0x7fbea5131000 (25 bytes)
1728911938.155030 sending message 105 to peer 0x7fbea5131000 (18 bytes)
1728911938.155035 sending message 105 to peer 0x7fbea5131000 (13 bytes)
1728911938.155041 sending message 105 to peer 0x7fbea5131000 (20 bytes)
1728911938.155046 sending message 105 to peer 0x7fbea5131000 (30 bytes)
1728911938.155052 sending message 105 to peer 0x7fbea5131000 (54 bytes)
1728911938.155057 sending message 105 to peer 0x7fbea5131000 (12 bytes)
1728911938.155063 sending message 105 to peer 0x7fbea5131000 (17 bytes)
1728911938.155068 sending message 105 to peer 0x7fbea5131000 (14 bytes)
1728911938.155074 sending message 105 to peer 0x7fbea5131000 (268 bytes)
1728911938.155080 sending message 105 to peer 0x7fbea5131000 (32 bytes)
1728911938.155086 sending message 105 to peer 0x7fbea5131000 (19 bytes)
1728911938.155091 sending message 105 to peer 0x7fbea5131000 (26 bytes)
1728911938.155097 sending message 105 to peer 0x7fbea5131000 (21 bytes)
1728911938.155102 sending message 105 to peer 0x7fbea5131000 (57 bytes)
1728911938.155108 sending message 105 to peer 0x7fbea5131000 (22 bytes)
1728911938.155113 sending message 105 to peer 0x7fbea5131000 (8 bytes)
1728911938.155119 sending message 105 to peer 0x7fbea5131000 (42 bytes)
1728911938.155125 sending message 105 to peer 0x7fbea5131000 (40 bytes)
1728911938.155130 sending message 105 to peer 0x7fbea5131000 (19 bytes)
1728911938.155152 sending message 105 to peer 0x7fbea5131000 (15 bytes)
1728911938.155158 sending message 105 to peer 0x7fbea5131000 (26 bytes)
1728911938.155164 sending message 105 to peer 0x7fbea5131000 (60 bytes)
1728911938.155169 sending message 105 to peer 0x7fbea5131000 (43 bytes)
1728911938.155175 sending message 105 to peer 0x7fbea5131000 (42 bytes)
1728911938.155181 sending message 105 to peer 0x7fbea5131000 (66 bytes)
1728911938.155186 sending message 105 to peer 0x7fbea5131000 (61 bytes)
1728911938.155192 sending message 105 to peer 0x7fbea5131000 (268 bytes)
1728911938.155198 sending message 105 to peer 0x7fbea5131000 (19 bytes)
1728911938.155203 sending message 105 to peer 0x7fbea5131000 (22 bytes)
1728911938.155209 sending message 106 to peer 0x7fbea5131000 (0 bytes)
1728911938.155267 sending message 200 to peer 0x7fbea5131000 (4 bytes)
1728911938.155275 client loop enter
1728911938.155511 peer 0x7fbea5131000 message 303
1728911938.155542 open write file 2 -
1728911938.155569 sending message 305 to peer 0x7fbea5131000 (8 bytes)
1728911938.155595 write check file 2
1728911938.155649 peer 0x7fbea5131000 message 304
1728911938.155659 write 58 to file 2
1728911938.155672 peer 0x7fbea5131000 message 203
1728911938.155679 file 2 58 bytes left
1728911938.155707 write check file 2
1728911938.155715 client loop exit
